<?xml version="1.0" encoding="UTF-8"?>
<testsuite xmlns:xsi="http://www.w3.org/2001/XMLSchema-instance" xsi:noNamespaceSchemaLocation="https://maven.apache.org/surefire/maven-surefire-plugin/xsd/surefire-test-report-3.0.xsd" version="3.0" name="br.edu.ads1231.BoardGameCatalogTest" time="0.062" tests="4" errors="0" skipped="0" failures="0">
  <properties>
[...]
</properties>
  <testcase name="add_duplicated_id_throws" classname="br.edu.ads1231.BoardGameCatalogTest" time="0.028"/>
  <testcase name="searchByName_is_case_insensitive_and_sorted" classname="br.edu.ads1231.BoardGameCatalogTest" time="0.0"/>
  <testcase name="remove_and_listAll" classname="br.edu.ads1231.BoardGameCatalogTest" time="0.0"/>
  <testcase name="add_and_findById" classname="br.edu.ads1231.BoardGameCatalogTest" time="0.013"/>
</testsuite>